PLAYING AS P1 AGAINSTS carli ON MAP 0
./zbatik.filler won
./zbatik.filler won
./zbatik.filler won
./zbatik.filler won
./zbatik.filler won
PLAYING AS P2 AGAINSTS carli ON MAP 0
./players/carli.filler won
./players/carli.filler won
./players/carli.filler won
./players/carli.filler won
./players/carli.filler won
PLAYING AS P1 AGAINSTS carli ON MAP 1
./zbatik.filler won
./zbatik.filler won
./zbatik.filler won
./zbatik.filler won
./zbatik.filler won
PLAYING AS P2 AGAINSTS carli ON MAP 1
./players/carli.filler won
./players/carli.filler won
./players/carli.filler won
./zbatik.filler won
./players/carli.filler won
PLAYING AS P1 AGAINSTS carli ON MAP 2
./zbatik.filler won
./zbatik.filler won
./zbatik.filler won
./zbatik.filler won
./zbatik.filler won
PLAYING AS P2 AGAINSTS carli ON MAP 2
./zbatik.filler won
./zbatik.filler won
./zbatik.filler won
./zbatik.filler won
./zbatik.filler won
PLAYING AS P1 AGAINSTS grati ON MAP 0
./zbatik.filler won
./zbatik.filler won
./zbatik.filler won
./zbatik.filler won
./zbatik.filler won
PLAYING AS P2 AGAINSTS grati ON MAP 0
./zbatik.filler won
./zbatik.filler won
./zbatik.filler won
./zbatik.filler won
./zbatik.filler won
PLAYING AS P1 AGAINSTS grati ON MAP 1
./players/grati.filler won
./zbatik.filler won
./players/grati.filler won
./players/grati.filler won
./players/grati.filler won
PLAYING AS P2 AGAINSTS grati ON MAP 1
./zbatik.filler won
./zbatik.filler won
./zbatik.filler won
./zbatik.filler won
./zbatik.filler won
PLAYING AS P1 AGAINSTS grati ON MAP 2
./zbatik.filler won
./zbatik.filler won
./zbatik.filler won
./zbatik.filler won
./zbatik.filler won
PLAYING AS P2 AGAINSTS grati ON MAP 2
./zbatik.filler won
./zbatik.filler won
./zbatik.filler won
./zbatik.filler won
./zbatik.filler won
PLAYING AS P1 AGAINSTS champely ON MAP 0
X: error on input
X: error on input
X: error on input
X: error on input
X: error on input
PLAYING AS P2 AGAINSTS champely ON MAP 0
./zbatik.filler won
./zbatik.filler won
./zbatik.filler won
./zbatik.filler won
O: error on input
PLAYING AS P1 AGAINSTS champely ON MAP 1
./zbatik.filler won
./zbatik.filler won
./zbatik.filler won
./zbatik.filler won
./zbatik.filler won
PLAYING AS P2 AGAINSTS champely ON MAP 1
./zbatik.filler won
./zbatik.filler won
./zbatik.filler won
./zbatik.filler won
./zbatik.filler won
PLAYING AS P1 AGAINSTS champely ON MAP 2
./zbatik.filler won
./zbatik.filler won
./zbatik.filler won
./zbatik.filler won
./zbatik.filler won
PLAYING AS P2 AGAINSTS champely ON MAP 2
./zbatik.filler won
./zbatik.filler won
./zbatik.filler won
./zbatik.filler won
./zbatik.filler won
PLAYING AS P1 AGAINSTS hcao ON MAP 0
./zbatik.filler won
./players/hcao.filler won
./players/hcao.filler won
./players/hcao.filler won
./players/hcao.filler won
PLAYING AS P2 AGAINSTS hcao ON MAP 0
./zbatik.filler won
./zbatik.filler won
./zbatik.filler won
./zbatik.filler won
./zbatik.filler won
PLAYING AS P1 AGAINSTS hcao ON MAP 1
./zbatik.filler won
./zbatik.filler won
./zbatik.filler won
./zbatik.filler won
./players/hcao.filler won
PLAYING AS P2 AGAINSTS hcao ON MAP 1
./zbatik.filler won
./zbatik.filler won
./zbatik.filler won
./zbatik.filler won
./zbatik.filler won
PLAYING AS P1 AGAINSTS hcao ON MAP 2
./zbatik.filler won
./zbatik.filler won
./zbatik.filler won
./zbatik.filler won
./zbatik.filler won
PLAYING AS P2 AGAINSTS hcao ON MAP 2
./zbatik.filler won
./zbatik.filler won
./zbatik.filler won
./zbatik.filler won
./zbatik.filler won
PLAYING AS P1 AGAINSTS superjeannot ON MAP 0
./zbatik.filler won
./zbatik.filler won
./zbatik.filler won
./zbatik.filler won
./zbatik.filler won
PLAYING AS P2 AGAINSTS superjeannot ON MAP 0
./zbatik.filler won
./zbatik.filler won
./zbatik.filler won
./players/superjeannot.filler won
./players/superjeannot.filler won
PLAYING AS P1 AGAINSTS superjeannot ON MAP 1
./zbatik.filler won
./zbatik.filler won
./zbatik.filler won
./zbatik.filler won
./zbatik.filler won
PLAYING AS P2 AGAINSTS superjeannot ON MAP 1
./players/superjeannot.filler won
./players/superjeannot.filler won
./zbatik.filler won
./players/superjeannot.filler won
./zbatik.filler won
PLAYING AS P1 AGAINSTS superjeannot ON MAP 2
./zbatik.filler won
./zbatik.filler won
./zbatik.filler won
./zbatik.filler won
./zbatik.filler won
PLAYING AS P2 AGAINSTS superjeannot ON MAP 2
./zbatik.filler won
./zbatik.filler won
./zbatik.filler won
./zbatik.filler won
./zbatik.filler won
PLAYING AS P1 AGAINSTS abanlin ON MAP 0
./players/abanlin.filler won
./zbatik.filler won
./players/abanlin.filler won
./players/abanlin.filler won
./zbatik.filler won
PLAYING AS P2 AGAINSTS abanlin ON MAP 0
./zbatik.filler won
./zbatik.filler won
./zbatik.filler won
./zbatik.filler won
./zbatik.filler won
PLAYING AS P1 AGAINSTS abanlin ON MAP 1
./zbatik.filler won
./zbatik.filler won
./zbatik.filler won
./zbatik.filler won
./zbatik.filler won
PLAYING AS P2 AGAINSTS abanlin ON MAP 1
./zbatik.filler won
./zbatik.filler won
./zbatik.filler won
./zbatik.filler won
./zbatik.filler won
PLAYING AS P1 AGAINSTS abanlin ON MAP 2
./zbatik.filler won
./zbatik.filler won
./zbatik.filler won
./zbatik.filler won
./zbatik.filler won
PLAYING AS P2 AGAINSTS abanlin ON MAP 2
./zbatik.filler won
./zbatik.filler won
./zbatik.filler won
./zbatik.filler won
./zbatik.filler won
